Going to create HelloWord Obj
Adding [systemProperties] PropertySource with lowest search precedence
Adding [systemEnvironment] PropertySource with lowest search precedence
Initialized StandardEnvironment with PropertySources [systemProperties,systemEnvironment]
Refreshing org.springframework.context.support.ClassPathXmlApplicationContext@7fbe847c: startup date [Mon Nov 20 22:20:36 CST 2017]; root of context hierarchy
Adding [systemProperties] PropertySource with lowest search precedence
Adding [systemEnvironment] PropertySource with lowest search precedence
Initialized StandardEnvironment with PropertySources [systemProperties,systemEnvironment]
Loading XML bean definitions from class path resource [applicationContext.xml]
Using JAXP provider [com.sun.org.apache.xerces.internal.jaxp.DocumentBuilderFactoryImpl]
Loading schema mappings from [META-INF/spring.schemas]
Loaded schema mappings: {http://www.springframework.org/schema/tx/spring-tx-2.5.xsd=org/springframework/transaction/config/spring-tx-2.5.xsd, http://www.springframework.org/schema/cache/spring-cache-4.2.xsd=org/springframework/cache/config/spring-cache-4.2.xsd, http://www.springframework.org/schema/aop/spring-aop-4.1.xsd=org/springframework/aop/config/spring-aop-4.1.xsd, http://www.springframework.org/schema/context/spring-context-3.1.xsd=org/springframework/context/config/spring-context-3.1.xsd, http://www.springframework.org/schema/jdbc/spring-jdbc-4.1.xsd=org/springframework/jdbc/config/spring-jdbc-4.1.xsd, http://www.springframework.org/schema/util/spring-util-3.0.xsd=org/springframework/beans/factory/xml/spring-util-3.0.xsd, http://www.springframework.org/schema/tool/spring-tool.xsd=org/springframework/beans/factory/xml/spring-tool-4.2.xsd, http://www.springframework.org/schema/aop/spring-aop-3.2.xsd=org/springframework/aop/config/spring-aop-3.2.xsd, http://www.springframework.org/schema/lang/spring-lang-4.1.xsd=org/springframework/scripting/config/spring-lang-4.1.xsd, http://www.springframework.org/schema/context/spring-context-4.0.xsd=org/springframework/context/config/spring-context-4.0.xsd, http://www.springframework.org/schema/beans/spring-beans-4.2.xsd=org/springframework/beans/factory/xml/spring-beans-4.2.xsd, http://www.springframework.org/schema/tool/spring-tool-4.1.xsd=org/springframework/beans/factory/xml/spring-tool-4.1.xsd, http://www.springframework.org/schema/lang/spring-lang-3.2.xsd=org/springframework/scripting/config/spring-lang-3.2.xsd, http://www.springframework.org/schema/cache/spring-cache-3.2.xsd=org/springframework/cache/config/spring-cache-3.2.xsd, http://www.springframework.org/schema/jee/spring-jee-4.1.xsd=org/springframework/ejb/config/spring-jee-4.1.xsd, http://www.springframework.org/schema/jdbc/spring-jdbc-3.1.xsd=org/springframework/jdbc/config/spring-jdbc-3.1.xsd, http://www.springframework.org/schema/util/spring-util-2.0.xsd=org/springframework/beans/factory/xml/spring-util-2.0.xsd, http://www.springframework.org/schema/task/spring-task-4.2.xsd=org/springframework/scheduling/config/spring-task-4.2.xsd, http://www.springframework.org/schema/tool/spring-tool-3.2.xsd=org/springframework/beans/factory/xml/spring-tool-3.2.xsd, http://www.springframework.org/schema/context/spring-context.xsd=org/springframework/context/config/spring-context-4.2.xsd, http://www.springframework.org/schema/tx/spring-tx-4.2.xsd=org/springframework/transaction/config/spring-tx-4.2.xsd, http://www.springframework.org/schema/cache/spring-cache-4.1.xsd=org/springframework/cache/config/spring-cache-4.1.xsd, http://www.springframework.org/schema/aop/spring-aop-4.0.xsd=org/springframework/aop/config/spring-aop-4.0.xsd, http://www.springframework.org/schema/jee/spring-jee-3.2.xsd=org/springframework/ejb/config/spring-jee-3.2.xsd, http://www.springframework.org/schema/context/spring-context-3.0.xsd=org/springframework/context/config/spring-context-3.0.xsd, http://www.springframework.org/schema/jdbc/spring-jdbc-4.0.xsd=org/springframework/jdbc/config/spring-jdbc-4.0.xsd, http://www.springframework.org/schema/util/spring-util-2.5.xsd=org/springframework/beans/factory/xml/spring-util-2.5.xsd, http://www.springframework.org/schema/beans/spring-beans-3.2.xsd=org/springframework/beans/factory/xml/spring-beans-3.2.xsd, http://www.springframework.org/schema/aop/spring-aop-3.1.xsd=org/springframework/aop/config/spring-aop-3.1.xsd, http://www.springframework.org/schema/lang/spring-lang-4.0.xsd=org/springframework/scripting/config/spring-lang-4.0.xsd, http://www.springframework.org/schema/beans/spring-beans-4.1.xsd=org/springframework/beans/factory/xml/spring-beans-4.1.xsd, http://www.springframework.org/schema/tool/spring-tool-4.0.xsd=org/springframework/beans/factory/xml/spring-tool-4.0.xsd, http://www.springframework.org/schema/lang/spring-lang-3.1.xsd=org/springframework/scripting/config/spring-lang-3.1.xsd, http://www.springframework.org/schema/tx/spring-tx-3.2.xsd=org/springframework/transaction/config/spring-tx-3.2.xsd, http://www.springframework.org/schema/cache/spring-cache-3.1.xsd=org/springframework/cache/config/spring-cache-3.1.xsd, http://www.springframework.org/schema/jee/spring-jee-4.0.xsd=org/springframework/ejb/config/spring-jee-4.0.xsd, http://www.springframework.org/schema/jdbc/spring-jdbc-3.0.xsd=org/springframework/jdbc/config/spring-jdbc-3.0.xsd, http://www.springframework.org/schema/task/spring-task-4.1.xsd=org/springframework/scheduling/config/spring-task-4.1.xsd, http://www.springframework.org/schema/tool/spring-tool-3.1.xsd=org/springframework/beans/factory/xml/spring-tool-3.1.xsd, http://www.springframework.org/schema/jdbc/spring-jdbc.xsd=org/springframework/jdbc/config/spring-jdbc-4.2.xsd, http://www.springframework.org/schema/tx/spring-tx-4.1.xsd=org/springframework/transaction/config/spring-tx-4.1.xsd, http://www.springframework.org/schema/cache/spring-cache-4.0.xsd=org/springframework/cache/config/spring-cache-4.0.xsd, http://www.springframework.org/schema/jee/spring-jee-3.1.xsd=org/springframework/ejb/config/spring-jee-3.1.xsd, http://www.springframework.org/schema/util/spring-util-4.2.xsd=org/springframework/beans/factory/xml/spring-util-4.2.xsd, http://www.springframework.org/schema/task/spring-task-3.2.xsd=org/springframework/scheduling/config/spring-task-3.2.xsd, http://www.springframework.org/schema/beans/spring-beans-3.1.xsd=org/springframework/beans/factory/xml/spring-beans-3.1.xsd, http://www.springframework.org/schema/util/spring-util.xsd=org/springframework/beans/factory/xml/spring-util-4.2.xsd, http://www.springframework.org/schema/aop/spring-aop-3.0.xsd=org/springframework/aop/config/spring-aop-3.0.xsd, http://www.springframework.org/schema/beans/spring-beans-4.0.xsd=org/springframework/beans/factory/xml/spring-beans-4.0.xsd, http://www.springframework.org/schema/beans/spring-beans.xsd=org/springframework/beans/factory/xml/spring-beans-4.2.xsd, http://www.springframework.org/schema/lang/spring-lang-3.0.xsd=org/springframework/scripting/config/spring-lang-3.0.xsd, http://www.springframework.org/schema/tx/spring-tx-3.1.xsd=org/springframework/transaction/config/spring-tx-3.1.xsd, http://www.springframework.org/schema/context/spring-context-2.5.xsd=org/springframework/context/config/spring-context-2.5.xsd, http://www.springframework.org/schema/task/spring-task-4.0.xsd=org/springframework/scheduling/config/spring-task-4.0.xsd, http://www.springframework.org/schema/tool/spring-tool-3.0.xsd=org/springframework/beans/factory/xml/spring-tool-3.0.xsd, http://www.springframework.org/schema/tx/spring-tx-4.0.xsd=org/springframework/transaction/config/spring-tx-4.0.xsd, http://www.springframework.org/schema/aop/spring-aop-2.0.xsd=org/springframework/aop/config/spring-aop-2.0.xsd, http://www.springframework.org/schema/jee/spring-jee-3.0.xsd=org/springframework/ejb/config/spring-jee-3.0.xsd, http://www.springframework.org/schema/util/spring-util-4.1.xsd=org/springframework/beans/factory/xml/spring-util-4.1.xsd, http://www.springframework.org/schema/task/spring-task-3.1.xsd=org/springframework/scheduling/config/spring-task-3.1.xsd, http://www.springframework.org/schema/beans/spring-beans-3.0.xsd=org/springframework/beans/factory/xml/spring-beans-3.0.xsd, http://www.springframework.org/schema/jee/spring-jee.xsd=org/springframework/ejb/config/spring-jee-4.2.xsd, http://www.springframework.org/schema/aop/spring-aop-2.5.xsd=org/springframework/aop/config/spring-aop-2.5.xsd, http://www.springframework.org/schema/lang/spring-lang-2.0.xsd=org/springframework/scripting/config/spring-lang-2.0.xsd, http://www.springframework.org/schema/util/spring-util-3.2.xsd=org/springframework/beans/factory/xml/spring-util-3.2.xsd, http://www.springframework.org/schema/task/spring-task.xsd=org/springframework/scheduling/config/spring-task-4.2.xsd, http://www.springframework.org/schema/tool/spring-tool-2.0.xsd=org/springframework/beans/factory/xml/spring-tool-2.0.xsd, http://www.springframework.org/schema/tx/spring-tx-3.0.xsd=org/springframework/transaction/config/spring-tx-3.0.xsd, http://www.springframework.org/schema/lang/spring-lang-2.5.xsd=org/springframework/scripting/config/spring-lang-2.5.xsd, http://www.springframework.org/schema/context/spring-context-4.2.xsd=org/springframework/context/config/spring-context-4.2.xsd, http://www.springframework.org/schema/jee/spring-jee-2.0.xsd=org/springframework/ejb/config/spring-jee-2.0.xsd, http://www.springframework.org/schema/tool/spring-tool-2.5.xsd=org/springframework/beans/factory/xml/spring-tool-2.5.xsd, http://www.springframework.org/schema/jee/spring-jee-2.5.xsd=org/springframework/ejb/config/spring-jee-2.5.xsd, http://www.springframework.org/schema/util/spring-util-4.0.xsd=org/springframework/beans/factory/xml/spring-util-4.0.xsd, http://www.springframework.org/schema/task/spring-task-3.0.xsd=org/springframework/scheduling/config/spring-task-3.0.xsd, http://www.springframework.org/schema/aop/spring-aop-4.2.xsd=org/springframework/aop/config/spring-aop-4.2.xsd, http://www.springframework.org/schema/lang/spring-lang.xsd=org/springframework/scripting/config/spring-lang-4.2.xsd, http://www.springframework.org/schema/context/spring-context-3.2.xsd=org/springframework/context/config/spring-context-3.2.xsd, http://www.springframework.org/schema/jdbc/spring-jdbc-4.2.xsd=org/springframework/jdbc/config/spring-jdbc-4.2.xsd, http://www.springframework.org/schema/util/spring-util-3.1.xsd=org/springframework/beans/factory/xml/spring-util-3.1.xsd, http://www.springframework.org/schema/beans/spring-beans-2.0.xsd=org/springframework/beans/factory/xml/spring-beans-2.0.xsd, http://www.springframework.org/schema/cache/spring-cache.xsd=org/springframework/cache/config/spring-cache-4.2.xsd, http://www.springframework.org/schema/tx/spring-tx.xsd=org/springframework/transaction/config/spring-tx-4.2.xsd, http://www.springframework.org/schema/lang/spring-lang-4.2.xsd=org/springframework/scripting/config/spring-lang-4.2.xsd, http://www.springframework.org/schema/context/spring-context-4.1.xsd=org/springframework/context/config/spring-context-4.1.xsd, http://www.springframework.org/schema/beans/spring-beans-2.5.xsd=org/springframework/beans/factory/xml/spring-beans-2.5.xsd, http://www.springframework.org/schema/tool/spring-tool-4.2.xsd=org/springframework/beans/factory/xml/spring-tool-4.2.xsd, http://www.springframework.org/schema/tx/spring-tx-2.0.xsd=org/springframework/transaction/config/spring-tx-2.0.xsd, http://www.springframework.org/schema/jee/spring-jee-4.2.xsd=org/springframework/ejb/config/spring-jee-4.2.xsd, http://www.springframework.org/schema/jdbc/spring-jdbc-3.2.xsd=org/springframework/jdbc/config/spring-jdbc-3.2.xsd, http://www.springframework.org/schema/aop/spring-aop.xsd=org/springframework/aop/config/spring-aop-4.2.xsd}
Found XML schema [http://www.springframework.org/schema/beans/spring-beans.xsd] in classpath: org/springframework/beans/factory/xml/spring-beans-4.2.xsd
Found XML schema [http://www.springframework.org/schema/context/spring-context-4.1.xsd] in classpath: org/springframework/context/config/spring-context-4.1.xsd
Found XML schema [http://www.springframework.org/schema/tool/spring-tool-4.1.xsd] in classpath: org/springframework/beans/factory/xml/spring-tool-4.1.xsd
Found XML schema [http://www.springframework.org/schema/tx/spring-tx.xsd] in classpath: org/springframework/transaction/config/spring-tx-4.2.xsd
Loading bean definitions
Loaded NamespaceHandler mappings: {http://www.springframework.org/schema/p=org.springframework.beans.factory.xml.SimplePropertyNamespaceHandler, http://www.springframework.org/schema/util=org.springframework.beans.factory.xml.UtilNamespaceHandler, http://www.springframework.org/schema/jee=org.springframework.ejb.config.JeeNamespaceHandler, http://www.springframework.org/schema/aop=org.springframework.aop.config.AopNamespaceHandler, http://www.springframework.org/schema/jdbc=org.springframework.jdbc.config.JdbcNamespaceHandler, http://www.springframework.org/schema/cache=org.springframework.cache.config.CacheNamespaceHandler, http://www.springframework.org/schema/c=org.springframework.beans.factory.xml.SimpleConstructorNamespaceHandler, http://www.springframework.org/schema/tx=org.springframework.transaction.config.TxNamespaceHandler, http://www.springframework.org/schema/task=org.springframework.scheduling.config.TaskNamespaceHandler, http://www.springframework.org/schema/lang=org.springframework.scripting.config.LangNamespaceHandler, http://www.springframework.org/schema/context=org.springframework.context.config.ContextNamespaceHandler}
Adding [systemProperties] PropertySource with lowest search precedence
Adding [systemEnvironment] PropertySource with lowest search precedence
Initialized StandardEnvironment with PropertySources [systemProperties,systemEnvironment]
Resolved classpath location [com/hezier/demo/] to resources [URL [file:/Users/Arthur/springdemo/target/classes/com/hezier/demo/]]
Looking for matching resources in directory tree [/Users/Arthur/springdemo/target/classes/com/hezier/demo]
Searching directory [/Users/Arthur/springdemo/target/classes/com/hezier/demo] for files matching pattern [/Users/Arthur/springdemo/target/classes/com/hezier/demo/**/*.class]
Searching directory [/Users/Arthur/springdemo/target/classes/com/hezier/demo/repository] for files matching pattern [/Users/Arthur/springdemo/target/classes/com/hezier/demo/**/*.class]
Searching directory [/Users/Arthur/springdemo/target/classes/com/hezier/demo/bean] for files matching pattern [/Users/Arthur/springdemo/target/classes/com/hezier/demo/**/*.class]
Searching directory [/Users/Arthur/springdemo/target/classes/com/hezier/demo/mapper] for files matching pattern [/Users/Arthur/springdemo/target/classes/com/hezier/demo/**/*.class]
Searching directory [/Users/Arthur/springdemo/target/classes/com/hezier/demo/controller] for files matching pattern [/Users/Arthur/springdemo/target/classes/com/hezier/demo/**/*.class]
Searching directory [/Users/Arthur/springdemo/target/classes/com/hezier/demo/json] for files matching pattern [/Users/Arthur/springdemo/target/classes/com/hezier/demo/**/*.class]
Searching directory [/Users/Arthur/springdemo/target/classes/com/hezier/demo/service] for files matching pattern [/Users/Arthur/springdemo/target/classes/com/hezier/demo/**/*.class]
Searching directory [/Users/Arthur/springdemo/target/classes/com/hezier/demo/factory] for files matching pattern [/Users/Arthur/springdemo/target/classes/com/hezier/demo/**/*.class]
Resolved location pattern [classpath*:com/hezier/demo/**/*.class] to resources [file [/Users/Arthur/springdemo/target/classes/com/hezier/demo/repository/UserDao.class], file [/Users/Arthur/springdemo/target/classes/com/hezier/demo/repository/UserDaoImp.class], file [/Users/Arthur/springdemo/target/classes/com/hezier/demo/bean/BMW.class], file [/Users/Arthur/springdemo/target/classes/com/hezier/demo/bean/Tiger.class], file [/Users/Arthur/springdemo/target/classes/com/hezier/demo/bean/Monkey.class], file [/Users/Arthur/springdemo/target/classes/com/hezier/demo/bean/Car.class], file [/Users/Arthur/springdemo/target/classes/com/hezier/demo/bean/Person.class], file [/Users/Arthur/springdemo/target/classes/com/hezier/demo/bean/PersonBean.class], file [/Users/Arthur/springdemo/target/classes/com/hezier/demo/bean/Zoo.class], file [/Users/Arthur/springdemo/target/classes/com/hezier/demo/bean/Benz.class], file [/Users/Arthur/springdemo/target/classes/com/hezier/demo/bean/UserBean.class], file [/Users/Arthur/springdemo/target/classes/com/hezier/demo/mapper/PersonRowMapper.class], file [/Users/Arthur/springdemo/target/classes/com/hezier/demo/controller/UserController.class], file [/Users/Arthur/springdemo/target/classes/com/hezier/demo/json/ParseJson.class], file [/Users/Arthur/springdemo/target/classes/com/hezier/demo/json/JsonToObject.class], file [/Users/Arthur/springdemo/target/classes/com/hezier/demo/MySqlTest.class], file [/Users/Arthur/springdemo/target/classes/com/hezier/demo/App.class], file [/Users/Arthur/springdemo/target/classes/com/hezier/demo/service/UserService.class], file [/Users/Arthur/springdemo/target/classes/com/hezier/demo/service/PersonService.class], file [/Users/Arthur/springdemo/target/classes/com/hezier/demo/service/PersonServiceImpl.class], file [/Users/Arthur/springdemo/target/classes/com/hezier/demo/factory/CarFactory.class]]
Identified candidate component class: file [/Users/Arthur/springdemo/target/classes/com/hezier/demo/repository/UserDaoImp.class]
Identified candidate component class: file [/Users/Arthur/springdemo/target/classes/com/hezier/demo/bean/BMW.class]
Identified candidate component class: file [/Users/Arthur/springdemo/target/classes/com/hezier/demo/bean/Tiger.class]
Identified candidate component class: file [/Users/Arthur/springdemo/target/classes/com/hezier/demo/bean/Monkey.class]
Identified candidate component class: file [/Users/Arthur/springdemo/target/classes/com/hezier/demo/bean/Zoo.class]
Identified candidate component class: file [/Users/Arthur/springdemo/target/classes/com/hezier/demo/bean/Benz.class]
Identified candidate component class: file [/Users/Arthur/springdemo/target/classes/com/hezier/demo/controller/UserController.class]
Identified candidate component class: file [/Users/Arthur/springdemo/target/classes/com/hezier/demo/service/UserService.class]
Identified candidate component class: file [/Users/Arthur/springdemo/target/classes/com/hezier/demo/service/PersonServiceImpl.class]
Identified candidate component class: file [/Users/Arthur/springdemo/target/classes/com/hezier/demo/factory/CarFactory.class]
Loaded 24 bean definitions from location pattern [applicationContext.xml]
Bean factory for org.springframework.context.support.ClassPathXmlApplicationContext@7fbe847c: org.springframework.beans.factory.support.DefaultListableBeanFactory@4d50efb8: defining beans [org.springframework.context.annotation.internalConfigurationAnnotationProcessor,org.springframework.context.annotation.internalAutowiredAnnotationProcessor,org.springframework.context.annotation.internalRequiredAnnotationProcessor,org.springframework.context.annotation.internalCommonAnnotationProcessor,org.springframework.context.event.internalEventListenerProcessor,org.springframework.context.event.internalEventListenerFactory,userDaoImp,BMW,tiger,monkey,zoo,benz,userController,userService,personServiceImpl,carFactory,userBean,dataSource,txManager,org.springframework.transaction.config.internalTransactionalEventListenerFactory,org.springframework.aop.config.internalAutoProxyCreator,org.springframework.transaction.annotation.AnnotationTransactionAttributeSource#0,org.springframework.transaction.interceptor.TransactionInterceptor#0,org.springframework.transaction.config.internalTransactionAdvisor]; root of factory hierarchy
Creating shared instance of singleton bean 'org.springframework.context.annotation.internalConfigurationAnnotationProcessor'
Creating instance of bean 'org.springframework.context.annotation.internalConfigurationAnnotationProcessor'
Eagerly caching bean 'org.springframework.context.annotation.internalConfigurationAnnotationProcessor' to allow for resolving potential circular references
Finished creating instance of bean 'org.springframework.context.annotation.internalConfigurationAnnotationProcessor'
Creating shared instance of singleton bean 'org.springframework.context.annotation.internalAutowiredAnnotationProcessor'
Creating instance of bean 'org.springframework.context.annotation.internalAutowiredAnnotationProcessor'
Eagerly caching bean 'org.springframework.context.annotation.internalAutowiredAnnotationProcessor' to allow for resolving potential circular references
Finished creating instance of bean 'org.springframework.context.annotation.internalAutowiredAnnotationProcessor'
Creating shared instance of singleton bean 'org.springframework.context.annotation.internalRequiredAnnotationProcessor'
Creating instance of bean 'org.springframework.context.annotation.internalRequiredAnnotationProcessor'
Eagerly caching bean 'org.springframework.context.annotation.internalRequiredAnnotationProcessor' to allow for resolving potential circular references
Finished creating instance of bean 'org.springframework.context.annotation.internalRequiredAnnotationProcessor'
Creating shared instance of singleton bean 'org.springframework.context.annotation.internalCommonAnnotationProcessor'
Creating instance of bean 'org.springframework.context.annotation.internalCommonAnnotationProcessor'
Eagerly caching bean 'org.springframework.context.annotation.internalCommonAnnotationProcessor' to allow for resolving potential circular references
Finished creating instance of bean 'org.springframework.context.annotation.internalCommonAnnotationProcessor'
Creating shared instance of singleton bean 'org.springframework.context.annotation.ConfigurationClassPostProcessor.importAwareProcessor'
Creating instance of bean 'org.springframework.context.annotation.ConfigurationClassPostProcessor.importAwareProcessor'
Eagerly caching bean 'org.springframework.context.annotation.ConfigurationClassPostProcessor.importAwareProcessor' to allow for resolving potential circular references
Finished creating instance of bean 'org.springframework.context.annotation.ConfigurationClassPostProcessor.importAwareProcessor'
Creating shared instance of singleton bean 'org.springframework.context.annotation.ConfigurationClassPostProcessor.enhancedConfigurationProcessor'
Creating instance of bean 'org.springframework.context.annotation.ConfigurationClassPostProcessor.enhancedConfigurationProcessor'
Eagerly caching bean 'org.springframework.context.annotation.ConfigurationClassPostProcessor.enhancedConfigurationProcessor' to allow for resolving potential circular references
Finished creating instance of bean 'org.springframework.context.annotation.ConfigurationClassPostProcessor.enhancedConfigurationProcessor'
Creating shared instance of singleton bean 'org.springframework.aop.config.internalAutoProxyCreator'
Creating instance of bean 'org.springframework.aop.config.internalAutoProxyCreator'
Eagerly caching bean 'org.springframework.aop.config.internalAutoProxyCreator' to allow for resolving potential circular references
Finished creating instance of bean 'org.springframework.aop.config.internalAutoProxyCreator'
Unable to locate MessageSource with name 'messageSource': using default [org.springframework.context.support.DelegatingMessageSource@214b199c]
Unable to locate ApplicationEventMulticaster with name 'applicationEventMulticaster': using default [org.springframework.context.event.SimpleApplicationEventMulticaster@212bf671]
Pre-instantiating singletons in org.springframework.beans.factory.support.DefaultListableBeanFactory@4d50efb8: defining beans [org.springframework.context.annotation.internalConfigurationAnnotationProcessor,org.springframework.context.annotation.internalAutowiredAnnotationProcessor,org.springframework.context.annotation.internalRequiredAnnotationProcessor,org.springframework.context.annotation.internalCommonAnnotationProcessor,org.springframework.context.event.internalEventListenerProcessor,org.springframework.context.event.internalEventListenerFactory,userDaoImp,BMW,tiger,monkey,zoo,benz,userController,userService,personServiceImpl,carFactory,userBean,dataSource,txManager,org.springframework.transaction.config.internalTransactionalEventListenerFactory,org.springframework.aop.config.internalAutoProxyCreator,org.springframework.transaction.annotation.AnnotationTransactionAttributeSource#0,org.springframework.transaction.interceptor.TransactionInterceptor#0,org.springframework.transaction.config.internalTransactionAdvisor,org.springframework.context.annotation.ConfigurationClassPostProcessor.importAwareProcessor,org.springframework.context.annotation.ConfigurationClassPostProcessor.enhancedConfigurationProcessor]; root of factory hierarchy
Returning cached instance of singleton bean 'org.springframework.context.annotation.internalConfigurationAnnotationProcessor'
Returning cached instance of singleton bean 'org.springframework.context.annotation.internalAutowiredAnnotationProcessor'
Returning cached instance of singleton bean 'org.springframework.context.annotation.internalRequiredAnnotationProcessor'
Returning cached instance of singleton bean 'org.springframework.context.annotation.internalCommonAnnotationProcessor'
Creating shared instance of singleton bean 'org.springframework.context.event.internalEventListenerProcessor'
Creating instance of bean 'org.springframework.context.event.internalEventListenerProcessor'
Eagerly caching bean 'org.springframework.context.event.internalEventListenerProcessor' to allow for resolving potential circular references
Creating shared instance of singleton bean 'org.springframework.transaction.config.internalTransactionAdvisor'
Creating instance of bean 'org.springframework.transaction.config.internalTransactionAdvisor'
Eagerly caching bean 'org.springframework.transaction.config.internalTransactionAdvisor' to allow for resolving potential circular references
Creating shared instance of singleton bean 'org.springframework.transaction.annotation.AnnotationTransactionAttributeSource#0'
Creating instance of bean 'org.springframework.transaction.annotation.AnnotationTransactionAttributeSource#0'
Eagerly caching bean 'org.springframework.transaction.annotation.AnnotationTransactionAttributeSource#0' to allow for resolving potential circular references
Skipping currently created advisor 'org.springframework.transaction.config.internalTransactionAdvisor'
Finished creating instance of bean 'org.springframework.transaction.annotation.AnnotationTransactionAttributeSource#0'
Finished creating instance of bean 'org.springframework.transaction.config.internalTransactionAdvisor'
Finished creating instance of bean 'org.springframework.context.event.internalEventListenerProcessor'
Creating shared instance of singleton bean 'org.springframework.context.event.internalEventListenerFactory'
Creating instance of bean 'org.springframework.context.event.internalEventListenerFactory'
Eagerly caching bean 'org.springframework.context.event.internalEventListenerFactory' to allow for resolving potential circular references
Returning cached instance of singleton bean 'org.springframework.transaction.config.internalTransactionAdvisor'
Finished creating instance of bean 'org.springframework.context.event.internalEventListenerFactory'
Creating shared instance of singleton bean 'userDaoImp'
Creating instance of bean 'userDaoImp'
Eagerly caching bean 'userDaoImp' to allow for resolving potential circular references
Returning cached instance of singleton bean 'org.springframework.transaction.config.internalTransactionAdvisor'
Finished creating instance of bean 'userDaoImp'
Creating shared instance of singleton bean 'BMW'
Creating instance of bean 'BMW'
Eagerly caching bean 'BMW' to allow for resolving potential circular references
Returning cached instance of singleton bean 'org.springframework.transaction.config.internalTransactionAdvisor'
Finished creating instance of bean 'BMW'
Creating shared instance of singleton bean 'tiger'
Creating instance of bean 'tiger'
Eagerly caching bean 'tiger' to allow for resolving potential circular references
Returning cached instance of singleton bean 'org.springframework.transaction.config.internalTransactionAdvisor'
Finished creating instance of bean 'tiger'
Creating shared instance of singleton bean 'monkey'
Creating instance of bean 'monkey'
Eagerly caching bean 'monkey' to allow for resolving potential circular references
Returning cached instance of singleton bean 'org.springframework.transaction.config.internalTransactionAdvisor'
Finished creating instance of bean 'monkey'
Creating shared instance of singleton bean 'zoo'
Creating instance of bean 'zoo'
Registered injected element on class [com.hezier.demo.bean.Zoo]: ResourceElement for private com.hezier.demo.bean.Monkey com.hezier.demo.bean.Zoo.monkey
Registered injected element on class [com.hezier.demo.bean.Zoo]: ResourceElement for private com.hezier.demo.bean.Tiger com.hezier.demo.bean.Zoo.tiger
Eagerly caching bean 'zoo' to allow for resolving potential circular references
Processing injected element of bean 'zoo': ResourceElement for private com.hezier.demo.bean.Monkey com.hezier.demo.bean.Zoo.monkey
Returning cached instance of singleton bean 'monkey'
Processing injected element of bean 'zoo': ResourceElement for private com.hezier.demo.bean.Tiger com.hezier.demo.bean.Zoo.tiger
Returning cached instance of singleton bean 'tiger'
Returning cached instance of singleton bean 'org.springframework.transaction.config.internalTransactionAdvisor'
Finished creating instance of bean 'zoo'
Creating shared instance of singleton bean 'benz'
Creating instance of bean 'benz'
Eagerly caching bean 'benz' to allow for resolving potential circular references
Returning cached instance of singleton bean 'org.springframework.transaction.config.internalTransactionAdvisor'
Finished creating instance of bean 'benz'
Creating shared instance of singleton bean 'userController'
Creating instance of bean 'userController'
Registered injected element on class [com.hezier.demo.controller.UserController]: AutowiredFieldElement for private com.hezier.demo.service.UserService com.hezier.demo.controller.UserController.userService
Eagerly caching bean 'userController' to allow for resolving potential circular references
Processing injected element of bean 'userController': AutowiredFieldElement for private com.hezier.demo.service.UserService com.hezier.demo.controller.UserController.userService
Creating shared instance of singleton bean 'userService'
Creating instance of bean 'userService'
Registered injected element on class [com.hezier.demo.service.UserService]: AutowiredFieldElement for private com.hezier.demo.bean.UserBean com.hezier.demo.service.UserService.userBean
Registered injected element on class [com.hezier.demo.service.UserService]: AutowiredFieldElement for private com.hezier.demo.repository.UserDao com.hezier.demo.service.UserService.userDao
Eagerly caching bean 'userService' to allow for resolving potential circular references
Processing injected element of bean 'userService': AutowiredFieldElement for private com.hezier.demo.bean.UserBean com.hezier.demo.service.UserService.userBean
Creating shared instance of singleton bean 'userBean'
Creating instance of bean 'userBean'
Eagerly caching bean 'userBean' to allow for resolving potential circular references
Returning cached instance of singleton bean 'org.springframework.transaction.config.internalTransactionAdvisor'
Finished creating instance of bean 'userBean'
Autowiring by type from bean name 'userService' to bean named 'userBean'
Processing injected element of bean 'userService': AutowiredFieldElement for private com.hezier.demo.repository.UserDao com.hezier.demo.service.UserService.userDao
Returning cached instance of singleton bean 'userDaoImp'
Autowiring by type from bean name 'userService' to bean named 'userDaoImp'
Returning cached instance of singleton bean 'org.springframework.transaction.config.internalTransactionAdvisor'
Finished creating instance of bean 'userService'
Autowiring by type from bean name 'userController' to bean named 'userService'
Returning cached instance of singleton bean 'org.springframework.transaction.config.internalTransactionAdvisor'
Finished creating instance of bean 'userController'
Returning cached instance of singleton bean 'userService'
Creating shared instance of singleton bean 'personServiceImpl'
Creating instance of bean 'personServiceImpl'
Registered injected element on class [com.hezier.demo.service.PersonServiceImpl]: AutowiredMethodElement for public void com.hezier.demo.service.PersonServiceImpl.setDataSource(javax.sql.DataSource)
Eagerly caching bean 'personServiceImpl' to allow for resolving potential circular references
Processing injected element of bean 'personServiceImpl': AutowiredMethodElement for public void com.hezier.demo.service.PersonServiceImpl.setDataSource(javax.sql.DataSource)
Creating shared instance of singleton bean 'dataSource'
Creating instance of bean 'dataSource'
Eagerly caching bean 'dataSource' to allow for resolving potential circular references
Returning cached instance of singleton bean 'org.springframework.transaction.config.internalTransactionAdvisor'
Finished creating instance of bean 'dataSource'
Autowiring by type from bean name 'personServiceImpl' to bean named 'dataSource'
Returning cached instance of singleton bean 'org.springframework.transaction.config.internalTransactionAdvisor'
Finished creating instance of bean 'personServiceImpl'
Creating shared instance of singleton bean 'carFactory'
Creating instance of bean 'carFactory'
Registered injected element on class [com.hezier.demo.factory.CarFactory]: AutowiredFieldElement for private com.hezier.demo.bean.Car com.hezier.demo.factory.CarFactory.car
Eagerly caching bean 'carFactory' to allow for resolving potential circular references
Processing injected element of bean 'carFactory': AutowiredFieldElement for private com.hezier.demo.bean.Car com.hezier.demo.factory.CarFactory.car
Returning cached instance of singleton bean 'BMW'
Autowiring by type from bean name 'carFactory' to bean named 'BMW'
Returning cached instance of singleton bean 'org.springframework.transaction.config.internalTransactionAdvisor'
Finished creating instance of bean 'carFactory'
Returning cached instance of singleton bean 'userBean'
Returning cached instance of singleton bean 'dataSource'
Creating shared instance of singleton bean 'txManager'
Creating instance of bean 'txManager'
Eagerly caching bean 'txManager' to allow for resolving potential circular references
Returning cached instance of singleton bean 'dataSource'
Invoking afterPropertiesSet() on bean with name 'txManager'
Returning cached instance of singleton bean 'org.springframework.transaction.config.internalTransactionAdvisor'
Finished creating instance of bean 'txManager'
Creating shared instance of singleton bean 'org.springframework.transaction.config.internalTransactionalEventListenerFactory'
Creating instance of bean 'org.springframework.transaction.config.internalTransactionalEventListenerFactory'
Eagerly caching bean 'org.springframework.transaction.config.internalTransactionalEventListenerFactory' to allow for resolving potential circular references
Returning cached instance of singleton bean 'org.springframework.transaction.config.internalTransactionAdvisor'
Finished creating instance of bean 'org.springframework.transaction.config.internalTransactionalEventListenerFactory'
Returning cached instance of singleton bean 'org.springframework.aop.config.internalAutoProxyCreator'
Returning cached instance of singleton bean 'org.springframework.transaction.annotation.AnnotationTransactionAttributeSource#0'
Creating shared instance of singleton bean 'org.springframework.transaction.interceptor.TransactionInterceptor#0'
Creating instance of bean 'org.springframework.transaction.interceptor.TransactionInterceptor#0'
Eagerly caching bean 'org.springframework.transaction.interceptor.TransactionInterceptor#0' to allow for resolving potential circular references
Returning cached instance of singleton bean 'org.springframework.transaction.annotation.AnnotationTransactionAttributeSource#0'
Invoking afterPropertiesSet() on bean with name 'org.springframework.transaction.interceptor.TransactionInterceptor#0'
Finished creating instance of bean 'org.springframework.transaction.interceptor.TransactionInterceptor#0'
Returning cached instance of singleton bean 'org.springframework.transaction.config.internalTransactionAdvisor'
Returning cached instance of singleton bean 'org.springframework.context.annotation.ConfigurationClassPostProcessor.importAwareProcessor'
Returning cached instance of singleton bean 'org.springframework.context.annotation.ConfigurationClassPostProcessor.enhancedConfigurationProcessor'
Returning cached instance of singleton bean 'org.springframework.context.event.internalEventListenerFactory'
Returning cached instance of singleton bean 'org.springframework.transaction.config.internalTransactionalEventListenerFactory'
Unable to locate LifecycleProcessor with name 'lifecycleProcessor': using default [org.springframework.context.support.DefaultLifecycleProcessor@3c419631]
Returning cached instance of singleton bean 'lifecycleProcessor'
Searching for key 'spring.liveBeansView.mbeanDomain' in [systemProperties]
Searching for key 'spring.liveBeansView.mbeanDomain' in [systemEnvironment]
Could not find key 'spring.liveBeansView.mbeanDomain' in any property source. Returning [null]
Returning cached instance of singleton bean 'userController'
Closing org.springframework.context.support.ClassPathXmlApplicationContext@7fbe847c: startup date [Mon Nov 20 22:20:36 CST 2017]; root of context hierarchy
Returning cached instance of singleton bean 'lifecycleProcessor'
Destroying singletons in org.springframework.beans.factory.support.DefaultListableBeanFactory@4d50efb8: defining beans [org.springframework.context.annotation.internalConfigurationAnnotationProcessor,org.springframework.context.annotation.internalAutowiredAnnotationProcessor,org.springframework.context.annotation.internalRequiredAnnotationProcessor,org.springframework.context.annotation.internalCommonAnnotationProcessor,org.springframework.context.event.internalEventListenerProcessor,org.springframework.context.event.internalEventListenerFactory,userDaoImp,BMW,tiger,monkey,zoo,benz,userController,userService,personServiceImpl,carFactory,userBean,dataSource,txManager,org.springframework.transaction.config.internalTransactionalEventListenerFactory,org.springframework.aop.config.internalAutoProxyCreator,org.springframework.transaction.annotation.AnnotationTransactionAttributeSource#0,org.springframework.transaction.interceptor.TransactionInterceptor#0,org.springframework.transaction.config.internalTransactionAdvisor,org.springframework.context.annotation.ConfigurationClassPostProcessor.importAwareProcessor,org.springframework.context.annotation.ConfigurationClassPostProcessor.enhancedConfigurationProcessor]; root of factory hierarchy
Invoking destroy method 'close' on bean with name 'dataSource'
